<?xml version="1.0" encoding="UTF-8"?>
<!-- Generated by org.testng.reporters.JUnitXMLReporter -->
<testsuite hostname="Suresh-PC" name="Default test" tests="4" failures="0" timestamp="22 Dec 2016 17:22:53 GMT" time="0.018" errors="0">
  <testcase name="@BeforeSuite openBrowser" time="0.0" classname="nordstrom_auto.Nordstrom_Testng">
    <failure type="java.lang.IllegalStateException" message="Path to the driver executable not specified">
      <![CDATA[java.lang.IllegalStateException: Path to the driver executable not specified
	at com.google.common.base.Preconditions.checkState(Preconditions.java:174)
	at org.openqa.selenium.remote.service.DriverService$Builder.build(DriverService.java:294)
	at org.openqa.selenium.chrome.ChromeDriverService.createDefaultService(ChromeDriverService.java:88)
	at org.openqa.selenium.chrome.ChromeDriver.<init>(ChromeDriver.java:116)
	at nordstrom_auto.Nordstrom_Testng.openBrowser(Nordstrom_Testng.java:20)
	at sun.reflect.NativeMethodAccessorImpl.invoke0(Native Method)
	at sun.reflect.NativeMethodAccessorImpl.invoke(Unknown Source)
	at sun.reflect.DelegatingMethodAccessorImpl.invoke(Unknown Source)
	at java.lang.reflect.Method.invoke(Unknown Source)
	at org.testng.internal.MethodInvocationHelper.invokeMethod(MethodInvocationHelper.java:84)
	at org.testng.internal.Invoker.invokeConfigurationMethod(Invoker.java:564)
	at org.testng.internal.Invoker.invokeConfigurations(Invoker.java:213)
	at org.testng.internal.Invoker.invokeConfigurations(Invoker.java:138)
	at org.testng.SuiteRunner.privateRun(SuiteRunner.java:277)
	at org.testng.SuiteRunner.run(SuiteRunner.java:240)
	at org.testng.SuiteRunnerWorker.runSuite(SuiteRunnerWorker.java:52)
	at org.testng.SuiteRunnerWorker.run(SuiteRunnerWorker.java:86)
	at org.testng.TestNG.runSuitesSequentially(TestNG.java:1224)
	at org.testng.TestNG.runSuitesLocally(TestNG.java:1149)
	at org.testng.TestNG.run(TestNG.java:1057)
	at org.testng.remote.RemoteTestNG.run(RemoteTestNG.java:111)
	at org.testng.remote.RemoteTestNG.initAndRun(RemoteTestNG.java:204)
	at org.testng.remote.RemoteTestNG.main(RemoteTestNG.java:175)
]]>
    </failure>
  </testcase> <!-- @BeforeSuite openBrowser -->
  <testcase name="app_loading_status" time="0.001" classname="nordstrom_auto.Nordstrom_Testng">
    <skipped/>
  </testcase> <!-- app_loading_status -->
  <testcase name="tagjs_loading_staus" time="0.001" classname="nordstrom_auto.Nordstrom_Testng">
    <skipped/>
  </testcase> <!-- tagjs_loading_staus -->
  <testcase name="spjs_loading_staus" time="0.001" classname="nordstrom_auto.Nordstrom_Testng">
    <skipped/>
  </testcase> <!-- spjs_loading_staus -->
  <testcase name="coremetricstag_loading_staus" time="0.0" classname="nordstrom_auto.Nordstrom_Testng">
    <skipped/>
  </testcase> <!-- coremetricstag_loading_staus -->
</testsuite> <!-- Default test -->
